<?xml version="1.0" encoding="UTF-8"?>
<!-- Generated by org.testng.reporters.JUnitReportReporter -->
<testsuite hostname="DESKTOP-RK086OU" failures="0" tests="2" name="App.Test.pages.TestPage2" time="10.742" errors="0" timestamp="2022-08-02T07:21:33 IST" skipped="0">
  <testcase classname="App.Test.pages.TestPage2" name="Validate_FieldElement_text" time="5.570"/>
  <system-out/>
  <testcase classname="App.Test.pages.TestPage2" name="Validate_FieldElement_texts" time="5.172"/>
  <system-out/>
</testsuite> <!-- App.Test.pages.TestPage2 -->
